<?xml version="1.0" encoding="UTF-8"?>
<!-- Generated by org.testng.reporters.JUnitXMLReporter -->
<testsuite ignored="0" hostname="DESKTOP-1MD18DL" failures="0" tests="10" name="Default test" time="23.181" errors="0" timestamp="2026-02-24T01:17:34 IST">
  <testcase classname="com.APITests.APITestsFlowForContactList" name="testTC01_AddNewUser" time="5.548"/>
  <testcase classname="com.APITests.APITestsFlowForContactList" name="testTC02_GetUserProfile" time="1.83"/>
  <testcase classname="com.APITests.APITestsFlowForContactList" name="testTC03_UpdateUser" time="2.024"/>
  <testcase classname="com.APITests.APITestsFlowForContactList" name="testTC04_LoginUser" time="1.822"/>
  <testcase classname="com.APITests.APITestsFlowForContactList" name="testTC05_AddContact" time="2.077"/>
  <testcase classname="com.APITests.APITestsFlowForContactList" name="testTC06_GetContactList" time="1.915"/>
  <testcase classname="com.APITests.APITestsFlowForContactList" name="testTC07_GetContact" time="2.038"/>
  <testcase classname="com.APITests.APITestsFlowForContactList" name="testTC08_FullUpdateContact" time="1.964"/>
  <testcase classname="com.APITests.APITestsFlowForContactList" name="testTC09_PartialUpdateContact" time="1.778"/>
  <testcase classname="com.APITests.APITestsFlowForContactList" name="testTC10_LogoutUser" time="2.092"/>
</testsuite> <!-- Default test -->
