<?xml version="1.0" encoding="UTF-8"?>
<!-- Generated by org.testng.reporters.JUnitXMLReporter -->
<testsuite ignored="0" hostname="DESKTOP-1MD18DL" failures="0" tests="10" name="Default test" time="22.941" errors="0" timestamp="2026-02-24T14:36:08 IST">
  <testcase classname="com.APITests.APITestsFlowForContactList" name="testTC01_AddNewUser" time="5.409"/>
  <testcase classname="com.APITests.APITestsFlowForContactList" name="testTC02_GetUserProfile" time="2.069"/>
  <testcase classname="com.APITests.APITestsFlowForContactList" name="testTC03_UpdateUser" time="2.002"/>
  <testcase classname="com.APITests.APITestsFlowForContactList" name="testTC04_LoginUser" time="1.891"/>
  <testcase classname="com.APITests.APITestsFlowForContactList" name="testTC05_AddContact" time="2.098"/>
  <testcase classname="com.APITests.APITestsFlowForContactList" name="testTC06_GetContactList" time="1.77"/>
  <testcase classname="com.APITests.APITestsFlowForContactList" name="testTC07_GetContact" time="1.894"/>
  <testcase classname="com.APITests.APITestsFlowForContactList" name="testTC08_FullUpdateContact" time="1.69"/>
  <testcase classname="com.APITests.APITestsFlowForContactList" name="testTC09_PartialUpdateContact" time="2.035"/>
  <testcase classname="com.APITests.APITestsFlowForContactList" name="testTC10_LogoutUser" time="1.997"/>
</testsuite> <!-- Default test -->
