<?xml version="1.0" encoding="UTF-8"?>
<!-- Generated by org.testng.reporters.JUnitXMLReporter -->
<testsuite ignored="0" hostname="DESKTOP-1MD18DL" failures="0" tests="10" name="Test" time="23.443" errors="0" timestamp="2026-02-24T14:41:10 IST">
  <testcase classname="com.APITests.APITestsFlowForContactList" name="testTC01_AddNewUser" time="5.576"/>
  <testcase classname="com.APITests.APITestsFlowForContactList" name="testTC02_GetUserProfile" time="2.078"/>
  <testcase classname="com.APITests.APITestsFlowForContactList" name="testTC03_UpdateUser" time="1.883"/>
  <testcase classname="com.APITests.APITestsFlowForContactList" name="testTC04_LoginUser" time="2.048"/>
  <testcase classname="com.APITests.APITestsFlowForContactList" name="testTC05_AddContact" time="1.921"/>
  <testcase classname="com.APITests.APITestsFlowForContactList" name="testTC06_GetContactList" time="2.063"/>
  <testcase classname="com.APITests.APITestsFlowForContactList" name="testTC07_GetContact" time="1.88"/>
  <testcase classname="com.APITests.APITestsFlowForContactList" name="testTC08_FullUpdateContact" time="2.017"/>
  <testcase classname="com.APITests.APITestsFlowForContactList" name="testTC09_PartialUpdateContact" time="2.105"/>
  <testcase classname="com.APITests.APITestsFlowForContactList" name="testTC10_LogoutUser" time="1.775"/>
</testsuite> <!-- Test -->
