<?xml version="1.0" encoding="UTF-8"?>
<testng-results ignored="0" total="10" passed="10" failed="0" skipped="0">
  <reporter-output>
  </reporter-output>
  <suite started-at="2026-02-24T14:40:47 IST" name="Suite" finished-at="2026-02-24T14:41:10 IST" duration-ms="23443">
    <groups>
    </groups>
    <test started-at="2026-02-24T14:40:47 IST" name="Test" finished-at="2026-02-24T14:41:10 IST" duration-ms="23443">
      <class name="com.APITests.APITestsFlowForContactList">
        <test-method signature="testTC01_AddNewUser()[pri:1, instance:com.APITests.APITestsFlowForContactList@47eaca72]" started-at="2026-02-24T14:40:47 IST" name="testTC01_AddNewUser" finished-at="2026-02-24T14:40:53 IST" duration-ms="5576" status="PASS">
          <reporter-output>
          </reporter-output>
        </test-method> <!-- testTC01_AddNewUser -->
        <test-method signature="testTC02_GetUserProfile()[pri:2, instance:com.APITests.APITestsFlowForContactList@47eaca72]" started-at="2026-02-24T14:40:53 IST" name="testTC02_GetUserProfile" finished-at="2026-02-24T14:40:55 IST" duration-ms="2078" status="PASS">
          <reporter-output>
          </reporter-output>
        </test-method> <!-- testTC02_GetUserProfile -->
        <test-method signature="testTC03_UpdateUser()[pri:3, instance:com.APITests.APITestsFlowForContactList@47eaca72]" started-at="2026-02-24T14:40:55 IST" name="testTC03_UpdateUser" finished-at="2026-02-24T14:40:57 IST" duration-ms="1883" status="PASS">
          <reporter-output>
          </reporter-output>
        </test-method> <!-- testTC03_UpdateUser -->
        <test-method signature="testTC04_LoginUser()[pri:4, instance:com.APITests.APITestsFlowForContactList@47eaca72]" started-at="2026-02-24T14:40:57 IST" name="testTC04_LoginUser" finished-at="2026-02-24T14:40:59 IST" depends-on-methods="com.APITests.APITestsFlowForContactList.testTC03_UpdateUser" duration-ms="2048" status="PASS">
          <reporter-output>
          </reporter-output>
        </test-method> <!-- testTC04_LoginUser -->
        <test-method signature="testTC05_AddContact()[pri:5, instance:com.APITests.APITestsFlowForContactList@47eaca72]" started-at="2026-02-24T14:40:59 IST" name="testTC05_AddContact" finished-at="2026-02-24T14:41:01 IST" duration-ms="1921" status="PASS">
          <reporter-output>
          </reporter-output>
        </test-method> <!-- testTC05_AddContact -->
        <test-method signature="testTC06_GetContactList()[pri:6, instance:com.APITests.APITestsFlowForContactList@47eaca72]" started-at="2026-02-24T14:41:01 IST" name="testTC06_GetContactList" finished-at="2026-02-24T14:41:03 IST" duration-ms="2063" status="PASS">
          <reporter-output>
          </reporter-output>
        </test-method> <!-- testTC06_GetContactList -->
        <test-method signature="testTC07_GetContact()[pri:7, instance:com.APITests.APITestsFlowForContactList@47eaca72]" started-at="2026-02-24T14:41:03 IST" name="testTC07_GetContact" finished-at="2026-02-24T14:41:04 IST" duration-ms="1880" status="PASS">
          <reporter-output>
          </reporter-output>
        </test-method> <!-- testTC07_GetContact -->
        <test-method signature="testTC08_FullUpdateContact()[pri:8, instance:com.APITests.APITestsFlowForContactList@47eaca72]" started-at="2026-02-24T14:41:04 IST" name="testTC08_FullUpdateContact" finished-at="2026-02-24T14:41:07 IST" duration-ms="2017" status="PASS">
          <reporter-output>
          </reporter-output>
        </test-method> <!-- testTC08_FullUpdateContact -->
        <test-method signature="testTC09_PartialUpdateContact()[pri:9, instance:com.APITests.APITestsFlowForContactList@47eaca72]" started-at="2026-02-24T14:41:07 IST" name="testTC09_PartialUpdateContact" finished-at="2026-02-24T14:41:09 IST" duration-ms="2105" status="PASS">
          <reporter-output>
          </reporter-output>
        </test-method> <!-- testTC09_PartialUpdateContact -->
        <test-method signature="testTC10_LogoutUser()[pri:10, instance:com.APITests.APITestsFlowForContactList@47eaca72]" started-at="2026-02-24T14:41:09 IST" name="testTC10_LogoutUser" finished-at="2026-02-24T14:41:10 IST" duration-ms="1775" status="PASS">
          <reporter-output>
          </reporter-output>
        </test-method> <!-- testTC10_LogoutUser -->
      </class> <!-- com.APITests.APITestsFlowForContactList -->
    </test> <!-- Test -->
  </suite> <!-- Suite -->
</testng-results>
